{"/Users/matthewmalecki/Development/udemy/boris-paskhaver/vue-masterclass/job-search/src/assets/avatar.png": {"path":"/Users/matthewmalecki/Development/udemy/boris-paskhaver/vue-masterclass/job-search/src/assets/avatar.png","statementMap":{"0":{"start":{"line":1,"column":0},"end":{"line":1,"column":19}}},"fnMap":{},"branchMap":{},"s":{"0":1},"f":{},"b":{},"_coverageSchema":"1a1c01bbd47fc00a2c39e90264f33305004495a9","hash":"0cf3e46345cfea8e5facaaea551e2f7adeae5d24"}
,"/Users/matthewmalecki/Development/udemy/boris-paskhaver/vue-masterclass/job-search/src/components/ActionButton.vue": {"path":"/Users/matthewmalecki/Development/udemy/boris-paskhaver/vue-masterclass/job-search/src/components/ActionButton.vue","statementMap":{"0":{"start":{"line":10,"column":15},"end":{"line":10,"column":null}},"1":{"start":{"line":13,"column":2},"end":{"line":13,"column":9}}},"fnMap":{"0":{"name":"(anonymous_0)","decl":{"start":{"line":12,"column":1},"end":{"line":12,"column":5}},"loc":{"start":{"line":12,"column":8},"end":{"line":14,"column":null}}}},"branchMap":{},"s":{"0":1,"1":4},"f":{"0":4},"b":{}}
,"/Users/matthewmalecki/Development/udemy/boris-paskhaver/vue-masterclass/job-search/src/components/ProfileImage.vue": {"path":"/Users/matthewmalecki/Development/udemy/boris-paskhaver/vue-masterclass/job-search/src/components/ProfileImage.vue","statementMap":{"0":{"start":{"line":6,"column":15},"end":{"line":6,"column":null}},"1":{"start":{"line":9,"column":2},"end":{"line":9,"column":9}}},"fnMap":{"0":{"name":"(anonymous_0)","decl":{"start":{"line":8,"column":1},"end":{"line":8,"column":5}},"loc":{"start":{"line":8,"column":8},"end":{"line":12,"column":null}}}},"branchMap":{},"s":{"0":1,"1":1},"f":{"0":1},"b":{}}
}
